<?xml version="1.0" encoding="UTF-8"?>
<!-- Generated by org.testng.reporters.JUnitReportReporter -->
<testsuite hostname="GURU" failures="0" tests="1" name="selinumtestig.one.NewTest" time="6.021" errors="0" timestamp="2025-06-15T13:08:30 IST" skipped="0">
  <testcase classname="selinumtestig.one.NewTest" name="f" time="6.021"/>
</testsuite> <!-- selinumtestig.one.NewTest -->
